\BOOKMARK [0][]{tytul.0}{\376\377\000S\000t\000r\000o\000n\000a\000\040\000t\000y\000t\000u\001\102\000o\000w\000a}{}% 1
\BOOKMARK [0][]{chapter*.1}{\376\377\000S\000t\000r\000e\000s\000z\000c\000z\000e\000n\000i\000e}{}% 2
\BOOKMARK [0][]{chapter*.2}{\376\377\000A\000b\000s\000t\000r\000a\000c\000t}{}% 3
\BOOKMARK [0][]{Contents.0}{\376\377\000S\000p\000i\000s\000\040\000t\000r\000e\001\133\000c\000i}{}% 4
\BOOKMARK [0][]{chapter.1}{\376\377\000W\000s\000t\001\031\000p}{}% 5
\BOOKMARK [1][-]{section.1.1}{\376\377\000K\000o\000n\000t\000e\000k\000s\000t\000\040\000i\000\040\000m\000o\000t\000y\000w\000a\000c\000j\000a}{chapter.1}% 6
\BOOKMARK [1][-]{section.1.2}{\376\377\000C\000e\000l\000\040\000i\000\040\000z\000a\000k\000r\000e\000s\000\040\000p\000r\000a\000c\000y}{chapter.1}% 7
\BOOKMARK [1][-]{section.1.3}{\376\377\000M\000e\000t\000o\000d\000y\000k\000a\000\040\000b\000a\000d\000a\000w\000c\000z\000a}{chapter.1}% 8
\BOOKMARK [1][-]{section.1.4}{\376\377\000O\000c\000z\000e\000k\000i\000w\000a\000n\000e\000\040\000r\000e\000z\000u\000l\000t\000a\000t\000y}{chapter.1}% 9
\BOOKMARK [0][]{chapter.2}{\376\377\000P\000r\000z\000e\000g\000l\001\005\000d\000\040\000l\000i\000t\000e\000r\000a\000t\000u\000r\000y}{}% 10
\BOOKMARK [1][-]{section.2.1}{\376\377\000P\000o\000d\000s\000t\000a\000w\000y\000\040\000u\000c\000z\000e\000n\000i\000a\000\040\000m\000a\000s\000z\000y\000n\000o\000w\000e\000g\000o}{chapter.2}% 11
\BOOKMARK [1][-]{section.2.2}{\376\377\000M\000e\000t\000o\000d\000y\000\040\000r\000e\000g\000r\000e\000s\000j\000i\000\040\000i\000\040\000o\000p\000t\000y\000m\000a\000l\000i\000z\000a\000c\000j\000i}{chapter.2}% 12
\BOOKMARK [1][-]{section.2.3}{\376\377\000A\000l\000g\000o\000r\000y\000t\000m\000y\000\040\000k\000l\000a\000s\000y\000f\000i\000k\000a\000c\000j\000i\000\040\000i\000\040\000d\000r\000z\000e\000w\000a\000\040\000d\000e\000c\000y\000z\000y\000j\000n\000e}{chapter.2}% 13
\BOOKMARK [1][-]{section.2.4}{\376\377\000A\000l\000g\000o\000r\000y\000t\000m\000y\000\040\000k\000l\000a\000s\000t\000r\000o\000w\000a\000n\000i\000a\000\040\000i\000\040\000r\000e\000d\000u\000k\000c\000j\000i\000\040\000w\000y\000m\000i\000a\000r\000o\000w\000o\001\133\000c\000i}{chapter.2}% 14
\BOOKMARK [1][-]{section.2.5}{\376\377\000U\000c\000z\000e\000n\000i\000e\000\040\000p\000\363\001\102\000n\000a\000d\000z\000o\000r\000o\000w\000a\000n\000e\000\040\000i\000\040\000z\000e\000\040\000w\000z\000m\000o\000c\000n\000i\000e\000n\000i\000e\000m}{chapter.2}% 15
\BOOKMARK [1][-]{section.2.6}{\376\377\000U\000c\000z\000e\000n\000i\000e\000\040\000g\001\102\001\031\000b\000o\000k\000i\000e\000\040\000i\000\040\000s\000i\000e\000c\000i\000\040\000n\000e\000u\000r\000o\000n\000o\000w\000e}{chapter.2}% 16
\BOOKMARK [1][-]{section.2.7}{\376\377\000P\000r\000z\000e\000m\000y\000s\001\102\000\040\0004\000.\0000\000\040\000i\000\040\000i\000n\000t\000e\000l\000i\000g\000e\000n\000t\000n\000e\000\040\000w\000y\000t\000w\000a\000r\000z\000a\000n\000i\000e}{chapter.2}% 17
\BOOKMARK [1][-]{section.2.8}{\376\377\000K\000o\000n\000s\000e\000r\000w\000a\000c\000j\000a\000\040\000p\000r\000e\000d\000y\000k\000c\000y\000j\000n\000a}{chapter.2}% 18
\BOOKMARK [1][-]{section.2.9}{\376\377\000O\000p\000t\000y\000m\000a\000l\000i\000z\000a\000c\000j\000a\000\040\000p\000r\000o\000c\000e\000s\000\363\000w\000\040\000p\000r\000o\000d\000u\000k\000c\000y\000j\000n\000y\000c\000h}{chapter.2}% 19
\BOOKMARK [1][-]{section.2.10}{\376\377\000K\000o\000n\000t\000r\000o\000l\000a\000\040\000j\000a\000k\000o\001\133\000c\000i\000\040\000i\000\040\000i\000n\000s\000p\000e\000k\000c\000j\000a\000\040\000w\000i\000z\000u\000a\000l\000n\000a}{chapter.2}% 20
\BOOKMARK [1][-]{section.2.11}{\376\377\000P\000o\000d\000s\000u\000m\000o\000w\000a\000n\000i\000e}{chapter.2}% 21
\BOOKMARK [0][]{chapter.3}{\376\377\000C\000h\000a\000r\000a\000k\000t\000e\000r\000y\000s\000t\000y\000k\000a\000\040\000a\000l\000g\000o\000r\000y\000t\000m\000\363\000w\000\040\000u\000c\000z\000e\000n\000i\000a\000\040\000m\000a\000s\000z\000y\000n\000o\000w\000e\000g\000o}{}% 22
\BOOKMARK [1][-]{section.3.1}{\376\377\000U\000c\000z\000e\000n\000i\000e\000\040\000n\000a\000d\000z\000o\000r\000o\000w\000a\000n\000e\000\040\000\050\000S\000u\000p\000e\000r\000v\000i\000s\000e\000d\000\040\000L\000e\000a\000r\000n\000i\000n\000g\000\051}{chapter.3}% 23
\BOOKMARK [2][-]{subsection.3.1.1}{\376\377\000R\000e\000g\000r\000e\000s\000j\000a\000\040\000l\000i\000n\000i\000o\000w\000a\000\040\000\050\000L\000i\000n\000e\000a\000r\000\040\000R\000e\000g\000r\000e\000s\000s\000i\000o\000n\000\051}{section.3.1}% 24
\BOOKMARK [2][-]{subsection.3.1.2}{\376\377\000R\000e\000g\000r\000e\000s\000j\000a\000\040\000l\000o\000g\000i\000s\000t\000y\000c\000z\000n\000a\000\040\000\050\000L\000o\000g\000i\000s\000t\000i\000c\000\040\000R\000e\000g\000r\000e\000s\000s\000i\000o\000n\000\051}{section.3.1}% 25
\BOOKMARK [2][-]{subsection.3.1.3}{\376\377\000k\000-\000N\000a\000j\000b\000l\000i\001\174\000s\000z\000y\000c\000h\000\040\000S\001\005\000s\000i\000a\000d\000\363\000w\000\040\000\050\000k\000-\000N\000e\000a\000r\000e\000s\000t\000\040\000N\000e\000i\000g\000h\000b\000o\000r\000s\000\051}{section.3.1}% 26
\BOOKMARK [2][-]{subsection.3.1.4}{\376\377\000D\000r\000z\000e\000w\000a\000\040\000d\000e\000c\000y\000z\000y\000j\000n\000e\000\040\000\050\000D\000e\000c\000i\000s\000i\000o\000n\000\040\000T\000r\000e\000e\000s\000\051}{section.3.1}% 27
\BOOKMARK [2][-]{subsection.3.1.5}{\376\377\000L\000a\000s\000\040\000l\000o\000s\000o\000w\000y\000\040\000\050\000R\000a\000n\000d\000o\000m\000\040\000F\000o\000r\000e\000s\000t\000\051}{section.3.1}% 28
\BOOKMARK [2][-]{subsection.3.1.6}{\376\377\000M\000a\000s\000z\000y\000n\000a\000\040\000w\000e\000k\000t\000o\000r\000\363\000w\000\040\000n\000o\001\133\000n\000y\000c\000h\000\040\000\050\000S\000u\000p\000p\000o\000r\000t\000\040\000V\000e\000c\000t\000o\000r\000\040\000M\000a\000c\000h\000i\000n\000e\000,\000\040\000S\000V\000M\000\051}{section.3.1}% 29
\BOOKMARK [2][-]{subsection.3.1.7}{\376\377\000N\000a\000i\000w\000n\000y\000\040\000K\000l\000a\000s\000y\000f\000i\000k\000a\000t\000o\000r\000\040\000B\000a\000y\000e\000s\000o\000w\000s\000k\000i\000\040\000\050\000N\000a\000i\000v\000e\000\040\000B\000a\000y\000e\000s\000\051}{section.3.1}% 30
\BOOKMARK [1][-]{section.3.2}{\376\377\000U\000c\000z\000e\000n\000i\000e\000\040\000n\000i\000e\000n\000a\000d\000z\000o\000r\000o\000w\000a\000n\000e\000\040\000\050\000U\000n\000s\000u\000p\000e\000r\000v\000i\000s\000e\000d\000\040\000L\000e\000a\000r\000n\000i\000n\000g\000\051}{chapter.3}% 31
\BOOKMARK [2][-]{subsection.3.2.1}{\376\377\000k\000-\001\132\000r\000e\000d\000n\000i\000c\000h\000\040\000\050\000k\000-\000M\000e\000a\000n\000s\000\051}{section.3.2}% 32
\BOOKMARK [2][-]{subsection.3.2.2}{\376\377\000H\000i\000e\000r\000a\000r\000c\000h\000i\000c\000z\000n\000a\000\040\000k\000l\000a\000s\000t\000e\000r\000y\000z\000a\000c\000j\000a\000\040\000\050\000H\000i\000e\000r\000a\000r\000c\000h\000i\000c\000a\000l\000\040\000C\000l\000u\000s\000t\000e\000r\000i\000n\000g\000\051}{section.3.2}% 33
\BOOKMARK [2][-]{subsection.3.2.3}{\376\377\000D\000B\000S\000C\000A\000N\000\040\000\050\000D\000e\000n\000s\000i\000t\000y\000-\000B\000a\000s\000e\000d\000\040\000S\000p\000a\000t\000i\000a\000l\000\040\000C\000l\000u\000s\000t\000e\000r\000i\000n\000g\000\051}{section.3.2}% 34
\BOOKMARK [2][-]{subsection.3.2.4}{\376\377\000P\000C\000A\000\040\000\050\000P\000r\000i\000n\000c\000i\000p\000a\000l\000\040\000C\000o\000m\000p\000o\000n\000e\000n\000t\000\040\000A\000n\000a\000l\000y\000s\000i\000s\000\051}{section.3.2}% 35
\BOOKMARK [2][-]{subsection.3.2.5}{\376\377\000t\000-\000S\000N\000E\000\040\000\050\000t\000-\000d\000i\000s\000t\000r\000i\000b\000u\000t\000e\000d\000\040\000S\000t\000o\000c\000h\000a\000s\000t\000i\000c\000\040\000N\000e\000i\000g\000h\000b\000o\000r\000\040\000E\000m\000b\000e\000d\000d\000i\000n\000g\000\051}{section.3.2}% 36
\BOOKMARK [2][-]{subsection.3.2.6}{\376\377\000U\000M\000A\000P\000\040\000\050\000U\000n\000i\000f\000o\000r\000m\000\040\000M\000a\000n\000i\000f\000o\000l\000d\000\040\000A\000p\000p\000r\000o\000x\000i\000m\000a\000t\000i\000o\000n\000\040\000a\000n\000d\000\040\000P\000r\000o\000j\000e\000c\000t\000i\000o\000n\000\051}{section.3.2}% 37
\BOOKMARK [1][-]{section.3.3}{\376\377\000U\000c\000z\000e\000n\000i\000e\000\040\000p\000\363\001\102\000n\000a\000d\000z\000o\000r\000o\000w\000a\000n\000e\000\040\000\050\000S\000e\000m\000i\000-\000S\000u\000p\000e\000r\000v\000i\000s\000e\000d\000\040\000L\000e\000a\000r\000n\000i\000n\000g\000\051}{chapter.3}% 38
\BOOKMARK [2][-]{subsection.3.3.1}{\376\377\000S\000e\000l\000f\000-\000T\000r\000a\000i\000n\000i\000n\000g\000\040\000\050\000S\000a\000m\000o\000u\000c\000z\000e\000n\000i\000e\000\051}{section.3.3}% 39
\BOOKMARK [2][-]{subsection.3.3.2}{\376\377\000C\000o\000-\000T\000r\000a\000i\000n\000i\000n\000g}{section.3.3}% 40
\BOOKMARK [2][-]{subsection.3.3.3}{\376\377\000T\000r\000a\000n\000s\000d\000u\000c\000t\000i\000v\000e\000\040\000S\000V\000M\000\040\000\050\000T\000S\000V\000M\000\051}{section.3.3}% 41
\BOOKMARK [2][-]{subsection.3.3.4}{\376\377\000G\000r\000a\000p\000h\000-\000B\000a\000s\000e\000d\000\040\000M\000e\000t\000h\000o\000d\000s\000\040\000\050\000M\000e\000t\000o\000d\000y\000\040\000g\000r\000a\000f\000o\000w\000e\000\051}{section.3.3}% 42
\BOOKMARK [2][-]{subsection.3.3.5}{\376\377\000G\000e\000n\000e\000r\000a\000t\000i\000v\000e\000\040\000M\000o\000d\000e\000l\000s\000\040\000\050\000M\000o\000d\000e\000l\000e\000\040\000g\000e\000n\000e\000r\000a\000t\000y\000w\000n\000e\000\051}{section.3.3}% 43
\BOOKMARK [2][-]{subsection.3.3.6}{\376\377\000E\000n\000t\000r\000o\000p\000y\000\040\000M\000i\000n\000i\000m\000i\000z\000a\000t\000i\000o\000n\000\040\000\050\000M\000i\000n\000i\000m\000a\000l\000i\000z\000a\000c\000j\000a\000\040\000e\000n\000t\000r\000o\000p\000i\000i\000\051}{section.3.3}% 44
\BOOKMARK [1][-]{section.3.4}{\376\377\000U\000c\000z\000e\000n\000i\000e\000\040\000z\000e\000\040\000w\000z\000m\000o\000c\000n\000i\000e\000n\000i\000e\000m\000\040\000\050\000R\000e\000i\000n\000f\000o\000r\000c\000e\000m\000e\000n\000t\000\040\000L\000e\000a\000r\000n\000i\000n\000g\000\051}{chapter.3}% 45
\BOOKMARK [2][-]{subsection.3.4.1}{\376\377\000Q\000-\000L\000e\000a\000r\000n\000i\000n\000g}{section.3.4}% 46
\BOOKMARK [2][-]{subsection.3.4.2}{\376\377\000S\000A\000R\000S\000A\000\040\000\050\000S\000t\000a\000t\000e\000-\000A\000c\000t\000i\000o\000n\000-\000R\000e\000w\000a\000r\000d\000-\000S\000t\000a\000t\000e\000-\000A\000c\000t\000i\000o\000n\000\051}{section.3.4}% 47
\BOOKMARK [2][-]{subsection.3.4.3}{\376\377\000D\000e\000e\000p\000\040\000Q\000-\000N\000e\000t\000w\000o\000r\000k\000\040\000\050\000D\000Q\000N\000\051}{section.3.4}% 48
\BOOKMARK [2][-]{subsection.3.4.4}{\376\377\000P\000o\000l\000i\000c\000y\000\040\000G\000r\000a\000d\000i\000e\000n\000t\000\040\000M\000e\000t\000h\000o\000d\000s\000\040\000\050\000M\000e\000t\000o\000d\000y\000\040\000g\000r\000a\000d\000i\000e\000n\000t\000u\000\040\000p\000o\000l\000i\000t\000y\000k\000i\000\051}{section.3.4}% 49
\BOOKMARK [1][-]{section.3.5}{\376\377\000U\000c\000z\000e\000n\000i\000e\000\040\000g\001\102\001\031\000b\000o\000k\000i\000e\000\040\000\050\000D\000e\000e\000p\000\040\000L\000e\000a\000r\000n\000i\000n\000g\000\051}{chapter.3}% 50
\BOOKMARK [2][-]{subsection.3.5.1}{\376\377\000A\000l\000g\000o\000r\000y\000t\000m\000\040\000w\000s\000t\000e\000c\000z\000n\000e\000j\000\040\000p\000r\000o\000p\000a\000g\000a\000c\000j\000i\000\040\000\050\000B\000a\000c\000k\000p\000r\000o\000p\000a\000g\000a\000t\000i\000o\000n\000\051}{section.3.5}% 51
\BOOKMARK [2][-]{subsection.3.5.2}{\376\377\000M\000e\000t\000o\000d\000y\000\040\000o\000p\000t\000y\000m\000a\000l\000i\000z\000a\000c\000j\000i}{section.3.5}% 52
\BOOKMARK [2][-]{subsection.3.5.3}{\376\377\000R\000e\000g\000u\000l\000a\000r\000y\000z\000a\000c\000j\000a\000\040\000w\000\040\000s\000i\000e\000c\000i\000a\000c\000h\000\040\000g\001\102\001\031\000b\000o\000k\000i\000c\000h}{section.3.5}% 53
\BOOKMARK [2][-]{subsection.3.5.4}{\376\377\000K\000o\000n\000w\000o\000l\000u\000c\000y\000j\000n\000e\000\040\000s\000i\000e\000c\000i\000\040\000n\000e\000u\000r\000o\000n\000o\000w\000e\000\040\000\050\000C\000N\000N\000\051}{section.3.5}% 54
\BOOKMARK [2][-]{subsection.3.5.5}{\376\377\000R\000e\000k\000u\000r\000e\000n\000c\000y\000j\000n\000e\000\040\000s\000i\000e\000c\000i\000\040\000n\000e\000u\000r\000o\000n\000o\000w\000e\000\040\000\050\000R\000N\000N\000\051}{section.3.5}% 55
\BOOKMARK [0][]{chapter.4}{\376\377\000Z\000a\000s\000t\000o\000s\000o\000w\000a\000n\000i\000a\000\040\000u\000c\000z\000e\000n\000i\000a\000\040\000m\000a\000s\000z\000y\000n\000o\000w\000e\000g\000o\000\040\000w\000\040\000p\000r\000o\000c\000e\000s\000a\000c\000h\000\040\000w\000y\000t\000w\000\363\000r\000c\000z\000y\000c\000h}{}% 56
\BOOKMARK [1][-]{section.4.1}{\376\377\000W\000s\000t\001\031\000p}{chapter.4}% 57
\BOOKMARK [1][-]{section.4.2}{\376\377\000K\000o\000n\000s\000e\000r\000w\000a\000c\000j\000a\000\040\000p\000r\000e\000d\000y\000k\000c\000y\000j\000n\000a}{chapter.4}% 58
\BOOKMARK [2][-]{subsection.4.2.1}{\376\377\000A\000r\000c\000h\000i\000t\000e\000k\000t\000u\000r\000a\000\040\000s\000y\000s\000t\000e\000m\000\363\000w\000\040\000k\000o\000n\000s\000e\000r\000w\000a\000c\000j\000i\000\040\000p\000r\000e\000d\000y\000k\000c\000y\000j\000n\000e\000j}{section.4.2}% 59
\BOOKMARK [2][-]{subsection.4.2.2}{\376\377\000Z\000a\000s\000t\000o\000s\000o\000w\000a\000n\000i\000a\000\040\000b\000r\000a\000n\001\174\000o\000w\000e\000\040\000i\000\040\000e\000f\000e\000k\000t\000y\000\040\000w\000d\000r\000o\001\174\000e\001\104}{section.4.2}% 60
\BOOKMARK [2][-]{subsection.4.2.3}{\376\377\000K\000o\000r\000z\000y\001\133\000c\000i\000\040\000e\000k\000o\000n\000o\000m\000i\000c\000z\000n\000e\000\040\000i\000\040\000o\000p\000e\000r\000a\000c\000y\000j\000n\000e}{section.4.2}% 61
\BOOKMARK [1][-]{section.4.3}{\376\377\000O\000p\000t\000y\000m\000a\000l\000i\000z\000a\000c\000j\000a\000\040\000p\000a\000r\000a\000m\000e\000t\000r\000\363\000w\000\040\000p\000r\000o\000c\000e\000s\000\363\000w\000\040\000p\000r\000o\000d\000u\000k\000c\000y\000j\000n\000y\000c\000h}{chapter.4}% 62
\BOOKMARK [2][-]{subsection.4.3.1}{\376\377\000A\000r\000c\000h\000i\000t\000e\000k\000t\000u\000r\000a\000\040\000s\000y\000s\000t\000e\000m\000\363\000w\000\040\000o\000p\000t\000y\000m\000a\000l\000i\000z\000a\000c\000j\000i}{section.4.3}% 63
\BOOKMARK [2][-]{subsection.4.3.2}{\376\377\000T\000e\000c\000h\000n\000i\000k\000i\000\040\000i\000\040\000a\000l\000g\000o\000r\000y\000t\000m\000y\000\040\000o\000p\000t\000y\000m\000a\000l\000i\000z\000a\000c\000j\000i}{section.4.3}% 64
\BOOKMARK [2][-]{subsection.4.3.3}{\376\377\000Z\000a\000s\000t\000o\000s\000o\000w\000a\000n\000i\000a\000\040\000b\000r\000a\000n\001\174\000o\000w\000e\000\040\000i\000\040\000r\000e\000z\000u\000l\000t\000a\000t\000y\000\040\000w\000d\000r\000o\001\174\000e\001\104}{section.4.3}% 65
\BOOKMARK [1][-]{section.4.4}{\376\377\000K\000o\000n\000t\000r\000o\000l\000a\000\040\000j\000a\000k\000o\001\133\000c\000i\000\040\000i\000\040\000a\000n\000a\000l\000i\000z\000a\000\040\000p\000r\000e\000d\000y\000k\000c\000y\000j\000n\000a}{chapter.4}% 66
\BOOKMARK [2][-]{subsection.4.4.1}{\376\377\000A\000u\000t\000o\000m\000a\000t\000y\000c\000z\000n\000a\000\040\000i\000n\000s\000p\000e\000k\000c\000j\000a\000\040\000w\000i\000z\000u\000a\000l\000n\000a\000\040\000o\000p\000a\000r\000t\000a\000\040\000n\000a\000\040\000u\000c\000z\000e\000n\000i\000u\000\040\000g\001\102\001\031\000b\000o\000k\000i\000m}{section.4.4}% 67
\BOOKMARK [2][-]{subsection.4.4.2}{\376\377\000A\000n\000a\000l\000i\000z\000a\000\040\000p\000r\000e\000d\000y\000k\000c\000y\000j\000n\000a\000\040\000j\000a\000k\000o\001\133\000c\000i}{section.4.4}% 68
\BOOKMARK [2][-]{subsection.4.4.3}{\376\377\000Z\000a\000s\000t\000o\000s\000o\000w\000a\000n\000i\000a\000\040\000b\000r\000a\000n\001\174\000o\000w\000e}{section.4.4}% 69
\BOOKMARK [0][]{chapter.5}{\376\377\000S\000t\000u\000d\000i\000u\000m\000\040\000p\000r\000z\000y\000p\000a\000d\000k\000u\000:\000\040\000K\000l\000a\000s\000y\000f\000i\000k\000a\000c\000j\000a\000\040\000d\000e\000f\000e\000k\000t\000\363\000w\000\040\000w\000\040\000p\000r\000o\000d\000u\000k\000t\000a\000c\000h\000\040\000o\000d\000l\000e\000w\000n\000i\000c\000z\000y\000c\000h}{}% 70
\BOOKMARK [1][-]{section.5.1}{\376\377\000W\000p\000r\000o\000w\000a\000d\000z\000e\000n\000i\000e}{chapter.5}% 71
\BOOKMARK [1][-]{section.5.2}{\376\377\000C\000e\000l\000\040\000i\000\040\000u\000z\000a\000s\000a\000d\000n\000i\000e\000n\000i\000e\000\040\000s\000t\000u\000d\000i\000u\000m\000\040\000p\000r\000z\000y\000p\000a\000d\000k\000u}{chapter.5}% 72
\BOOKMARK [2][-]{subsection.5.2.1}{\376\377\000C\000e\000l\000\040\000b\000a\000d\000a\000n\000i\000a}{section.5.2}% 73
\BOOKMARK [2][-]{subsection.5.2.2}{\376\377\000C\000h\000a\000r\000a\000k\000t\000e\000r\000y\000s\000t\000y\000k\000a\000\040\000p\000r\000o\000c\000e\000s\000u\000\040\000p\000r\000o\000d\000u\000k\000c\000y\000j\000n\000e\000g\000o\000\040\000i\000\040\000s\000y\000s\000t\000e\000m\000u\000\040\000k\000o\000n\000t\000r\000o\000l\000i\000\040\000j\000a\000k\000o\001\133\000c\000i}{section.5.2}% 74
\BOOKMARK [1][-]{section.5.3}{\376\377\000D\000e\000f\000i\000n\000i\000c\000j\000a\000\040\000p\000r\000o\000b\000l\000e\000m\000u\000\040\000d\000e\000c\000y\000z\000y\000j\000n\000e\000g\000o}{chapter.5}% 75
\BOOKMARK [1][-]{section.5.4}{\376\377\000O\000p\000i\000s\000\040\000d\000a\000n\000y\000c\000h}{chapter.5}% 76
\BOOKMARK [1][-]{section.5.5}{\376\377\000P\000r\000z\000y\000g\000o\000t\000o\000w\000a\000n\000i\000e\000\040\000d\000a\000n\000y\000c\000h}{chapter.5}% 77
\BOOKMARK [2][-]{subsection.5.5.1}{\376\377\000C\000z\000y\000s\000z\000c\000z\000e\000n\000i\000e\000\040\000d\000a\000n\000y\000c\000h}{section.5.5}% 78
\BOOKMARK [2][-]{subsection.5.5.2}{\376\377\000N\000o\000r\000m\000a\000l\000i\000z\000a\000c\000j\000a\000\040\000i\000\040\000s\000t\000a\000n\000d\000a\000r\000y\000z\000a\000c\000j\000a\000\040\000d\000a\000n\000y\000c\000h}{section.5.5}% 79
\BOOKMARK [2][-]{subsection.5.5.3}{\376\377\000E\000k\000s\000t\000r\000a\000k\000c\000j\000a\000\040\000c\000e\000c\000h}{section.5.5}% 80
\BOOKMARK [2][-]{subsection.5.5.4}{\376\377\000P\000o\000d\000z\000i\000a\001\102\000\040\000d\000a\000n\000y\000c\000h\000\040\000n\000a\000\040\000z\000b\000i\000o\000r\000y}{section.5.5}% 81
\BOOKMARK [2][-]{subsection.5.5.5}{\376\377\000W\000a\000l\000i\000d\000a\000c\000j\000a\000\040\000j\000a\000k\000o\001\133\000c\000i\000\040\000p\000r\000z\000y\000g\000o\000t\000o\000w\000a\000n\000i\000a\000\040\000d\000a\000n\000y\000c\000h}{section.5.5}% 82
\BOOKMARK [1][-]{section.5.6}{\376\377\000W\000y\000b\000\363\000r\000\040\000i\000\040\000o\000p\000i\000s\000\040\000z\000a\000s\000t\000o\000s\000o\000w\000a\000n\000e\000g\000o\000\040\000a\000l\000g\000o\000r\000y\000t\000m\000u\000\040\000u\000c\000z\000e\000n\000i\000a\000\040\000m\000a\000s\000z\000y\000n\000o\000w\000e\000g\000o}{chapter.5}% 83
\BOOKMARK [2][-]{subsection.5.6.1}{\376\377\000K\000-\000n\000a\000j\000b\000l\000i\001\174\000s\000z\000y\000c\000h\000\040\000s\001\005\000s\000i\000a\000d\000\363\000w\000\040\000\050\000k\000-\000N\000e\000a\000r\000e\000s\000t\000\040\000N\000e\000i\000g\000h\000b\000o\000r\000s\000\051}{section.5.6}% 84
\BOOKMARK [2][-]{subsection.5.6.2}{\376\377\000D\000r\000z\000e\000w\000o\000\040\000D\000e\000c\000y\000z\000y\000j\000n\000e\000\040\000\050\000D\000e\000c\000i\000s\000i\000o\000n\000\040\000T\000r\000e\000e\000\051}{section.5.6}% 85
\BOOKMARK [2][-]{subsection.5.6.3}{\376\377\000L\000a\000s\000\040\000L\000o\000s\000o\000w\000y\000\040\000\050\000R\000a\000n\000d\000o\000m\000\040\000F\000o\000r\000e\000s\000t\000\051}{section.5.6}% 86
\BOOKMARK [2][-]{subsection.5.6.4}{\376\377\000M\000a\000s\000z\000y\000n\000a\000\040\000W\000e\000k\000t\000o\000r\000\363\000w\000\040\000N\000o\001\133\000n\000y\000c\000h\000\040\000\050\000S\000u\000p\000p\000o\000r\000t\000\040\000V\000e\000c\000t\000o\000r\000\040\000M\000a\000c\000h\000i\000n\000e\000\051}{section.5.6}% 87
\BOOKMARK [2][-]{subsection.5.6.5}{\376\377\000N\000e\000u\000r\000a\000l\000\040\000N\000e\000t\000w\000o\000r\000k\000\040\040\023\000\040\000M\000u\000l\000t\000i\000-\000L\000a\000y\000e\000r\000\040\000P\000e\000r\000c\000e\000p\000t\000r\000o\000n\000\040\000\050\000M\000L\000P\000\051}{section.5.6}% 88
\BOOKMARK [2][-]{subsection.5.6.6}{\376\377\000L\000o\000g\000i\000s\000t\000i\000c\000\040\000R\000e\000g\000r\000e\000s\000s\000i\000o\000n\000\040\000\050\000R\000e\000g\000r\000e\000s\000j\000a\000\040\000L\000o\000g\000i\000s\000t\000y\000c\000z\000n\000a\000\051}{section.5.6}% 89
\BOOKMARK [1][-]{section.5.7}{\376\377\000I\000m\000p\000l\000e\000m\000e\000n\000t\000a\000c\000j\000a\000\040\000m\000o\000d\000e\000l\000u\000\040\000i\000\040\000p\000r\000z\000e\000b\000i\000e\000g\000\040\000e\000k\000s\000p\000e\000r\000y\000m\000e\000n\000t\000u}{chapter.5}% 90
\BOOKMARK [2][-]{subsection.5.7.1}{\376\377\001\132\000r\000o\000d\000o\000w\000i\000s\000k\000o\000\040\000p\000r\000o\000g\000r\000a\000m\000i\000s\000t\000y\000c\000z\000n\000e}{section.5.7}% 91
\BOOKMARK [2][-]{subsection.5.7.2}{\376\377\000W\000y\000k\000o\000r\000z\000y\000s\000t\000a\000n\000e\000\040\000b\000i\000b\000l\000i\000o\000t\000e\000k\000i}{section.5.7}% 92
\BOOKMARK [2][-]{subsection.5.7.3}{\376\377\000S\000c\000h\000e\000m\000a\000t\000\040\000p\000r\000o\000c\000e\000s\000u\000\040\000u\000c\000z\000e\000n\000i\000a}{section.5.7}% 93
\BOOKMARK [2][-]{subsection.5.7.4}{\376\377\000W\000a\000l\000i\000d\000a\000c\000j\000a\000\040\000m\000o\000d\000e\000l\000i}{section.5.7}% 94
\BOOKMARK [2][-]{subsection.5.7.5}{\376\377\000S\000t\000r\000o\000j\000e\000n\000i\000e\000\040\000h\000i\000p\000e\000r\000p\000a\000r\000a\000m\000e\000t\000r\000\363\000w}{section.5.7}% 95
\BOOKMARK [2][-]{subsection.5.7.6}{\376\377\000P\000o\000m\000i\000a\000r\000\040\000w\000y\000d\000a\000j\000n\000o\001\133\000c\000i\000\040\000i\000\040\000m\000e\000t\000r\000y\000k\000i\000\040\000c\000z\000a\000s\000o\000w\000e}{section.5.7}% 96
\BOOKMARK [2][-]{subsection.5.7.7}{\376\377\000R\000e\000p\000r\000o\000d\000u\000k\000o\000w\000a\000l\000n\000o\001\133\001\007\000\040\000e\000k\000s\000p\000e\000r\000y\000m\000e\000n\000t\000u}{section.5.7}% 97
\BOOKMARK [1][-]{section.5.8}{\376\377\000W\000y\000n\000i\000k\000i\000\040\000i\000\040\000i\000c\000h\000\040\000a\000n\000a\000l\000i\000z\000a}{chapter.5}% 98
\BOOKMARK [2][-]{subsection.5.8.1}{\376\377\000W\000p\000r\000o\000w\000a\000d\000z\000e\000n\000i\000e\000\040\000d\000o\000\040\000a\000n\000a\000l\000i\000z\000y\000\040\000w\000y\000n\000i\000k\000\363\000w}{section.5.8}% 99
\BOOKMARK [2][-]{subsection.5.8.2}{\376\377\000C\000h\000a\000r\000a\000k\000t\000e\000r\000y\000s\000t\000y\000k\000a\000\040\000z\000a\000s\000t\000o\000s\000o\000w\000a\000n\000y\000c\000h\000\040\000m\000e\000t\000r\000y\000k\000\040\000e\000w\000a\000l\000u\000a\000c\000y\000j\000n\000y\000c\000h}{section.5.8}% 100
\BOOKMARK [2][-]{subsection.5.8.3}{\376\377\000W\000y\000n\000i\000k\000i\000\040\000b\000a\000d\000a\001\104\000\040\000e\000m\000p\000i\000r\000y\000c\000z\000n\000y\000c\000h}{section.5.8}% 101
\BOOKMARK [2][-]{subsection.5.8.4}{\376\377\000A\000n\000a\000l\000i\000z\000a\000\040\000p\000o\000r\000\363\000w\000n\000a\000w\000c\000z\000a\000\040\000a\000l\000t\000e\000r\000n\000a\000t\000y\000w\000n\000y\000c\000h\000\040\000m\000e\000t\000o\000d\000\040\000u\000c\000z\000e\000n\000i\000a\000\040\000m\000a\000s\000z\000y\000n\000o\000w\000e\000g\000o}{section.5.8}% 102
\BOOKMARK [1][-]{section.5.9}{\376\377\000P\000o\000d\000s\000u\000m\000o\000w\000a\000n\000i\000e\000\040\000w\000y\000n\000i\000k\000\363\000w\000\040\000i\000\040\000o\000g\000r\000a\000n\000i\000c\000z\000e\000n\000i\000a\000\040\000r\000o\000z\000w\000i\001\005\000z\000a\000n\000i\000a}{chapter.5}% 103
\BOOKMARK [2][-]{subsection.5.9.1}{\376\377\000M\000o\000c\000n\000e\000\040\000s\000t\000r\000o\000n\000y\000\040\000z\000a\000p\000r\000o\000p\000o\000n\000o\000w\000a\000n\000e\000g\000o\000\040\000p\000o\000d\000e\000j\001\133\000c\000i\000a}{section.5.9}% 104
\BOOKMARK [2][-]{subsection.5.9.2}{\376\377\000O\000g\000r\000a\000n\000i\000c\000z\000e\000n\000i\000a\000\040\000r\000o\000z\000w\000i\001\005\000z\000a\000n\000i\000a}{section.5.9}% 105
\BOOKMARK [2][-]{subsection.5.9.3}{\376\377\000W\000n\000i\000o\000s\000k\000i\000\040\000k\000o\001\104\000c\000o\000w\000e}{section.5.9}% 106
\BOOKMARK [0][]{chapter.6}{\376\377\000W\000n\000i\000o\000s\000k\000i\000\040\000k\000o\001\104\000c\000o\000w\000e}{}% 107
\BOOKMARK [1][-]{section.6.1}{\376\377\000P\000o\000d\000s\000u\000m\000o\000w\000a\000n\000i\000e}{chapter.6}% 108
\BOOKMARK [1][-]{section.6.2}{\376\377\000N\000a\000j\000w\000a\001\174\000n\000i\000e\000j\000s\000z\000e\000\040\000w\000n\000i\000o\000s\000k\000i}{chapter.6}% 109
\BOOKMARK [1][-]{section.6.3}{\376\377\000O\000g\000r\000a\000n\000i\000c\000z\000e\000n\000i\000a\000\040\000b\000a\000d\000a\001\104}{chapter.6}% 110
\BOOKMARK [1][-]{section.6.4}{\376\377\000K\000i\000e\000r\000u\000n\000k\000i\000\040\000d\000a\000l\000s\000z\000e\000g\000o\000\040\000r\000o\000z\000w\000o\000j\000u}{chapter.6}% 111
\BOOKMARK [1][-]{section.6.5}{\376\377\000P\000o\000d\000s\000u\000m\000o\000w\000a\000n\000i\000e}{chapter.6}% 112
\BOOKMARK [0][]{section*.18}{\376\377\000B\000i\000b\000l\000i\000o\000g\000r\000a\000f\000i\000a}{}% 113
